I;1;15;13;26;0C0640414A2C5F57;
I;1;16;13;26;0C0640414A2C5F51;
I;1;16;13;26;0C0640414A2C5F51;
I;1;11;13;26;0C0640414A2C5F51;K;1;10;35;56;110300105D4C775F;
d;1;10;35;56;110300105D4C775F;
K;1;10;35;57;110300105D4C775F;
d;1;10;35;57;110300105D4C775F;
K;1;10;35;59;110300105D4C775F;
d;1;10;35;59;110300105D4C775F;
K;1;10;36;3;110300105D4C775F;
d;1;10;36;3;110300105D4C775F;
K;1;10;36;4;110300105D4C775F;
d;1;10;36;4;110300105D4C775F;
k;1;10;36;37;60037021790F5D41;
o;1;10;36;37;60037021790F5D41;
o;1;10;36;37;60037021790F5D41;
o;1;10;36;37;60037021790F5D41;
o;1;10;36;37;60037021790F5D41;
o;1;10;36;37;60037021790F5D41;
o;1;10;36;47;60037021790F5D41;
o;1;10;34;47;60037021790F5D41;
I;1;15;24;47;6003304932127653;
I;1;15;24;47;6003304932127653;
I;1;15;24;47;6003304932127653;
G;1;15;24;47;740500265E182B56;
G;1;15;24;47;740500265E387C58;
G;1;23;24;47;740500265E387C58;
G;1;23;24;47;740500265E387C58;
I;1;15;24;47;6003304932127653;
I;1;15;24;47;6003304932127653;