I;2;14;24;45;120540542446275F;
K;2;14;24;45;600370112A06134F;
I;2;14;24;45;600370112A06134F;
K;2;14;24;45;6C0540583F711051;
I;2;14;24;45;6C0540583F711051;
K;2;14;24;46;0C0640414A2C5F57;
I;2;14;24;46;0C0640414A2C5F57;
K;2;14;24;46;600330494A5E295C;
I;2;14;24;46;600330494A5E295C;
K;2;14;24;46;6003304932127653;
I;2;14;24;46;6003304932127653;
K;2;14;24;46;200700396C233256;
I;2;14;24;46;200700396C233256;
K;2;14;24;46;60037021515E7A42;
I;2;14;24;46;60037021515E7A42;
K;2;14;24;47;0006407752581151;
I;2;14;24;47;0006407752581151;
K;2;14;24;47;600370112A06134F;
I;2;14;24;47;600370112A06134F;
K;2;14;24;47;6C0540583F711051;
I;2;14;24;47;6C0540583F711051;
K;2;14;24;47;0C0640414A2C5F57;
I;2;14;24;47;0C0640414A2C5F57;
K;2;14;24;47;600330494A5E295C;
I;2;14;24;47;600330494A5E295C;
K;2;14;24;47;6003304932127653;
I;2;14;24;47;6003304932127653;
K;2;14;24;48;000300750D005548;
w;2;14;24;48;000300750D005548;
I;2;15;24;47;6003304932127653;
I;2;15;24;47;6003304932127653;
I;2;15;24;47;6003304932127653;
I;1;15;24;47;6003304932127653;
o;1;10;36;37;60037021790F5D41;
o;1;10;6;37;60037021790F5D41;
I;1;15;24;47;6003304932127653;
I;1;15;24;47;6003304932127653;
I;1;15;24;47;6003304932127653;
I;1;15;24;47;6003304932127653;
o;1;10;36;37;60037021790F5D41;