k;33;8;31;36;60037021790F5D41;
d;33;8;31;36;60037021790F5D41;
k;33;8;31;36;60037021790F5D41;
d;33;8;31;36;60037021790F5D41;
k;33;8;31;37;60037021790F5D41;
d;33;8;31;37;60037021790F5D41;
k;33;8;31;37;60037021790F5D41;
d;33;8;31;37;60037021790F5D41;
k;33;8;31;39;60037021790F5D41;
d;33;8;31;39;60037021790F5D41;
k;33;8;31;39;60037021790F5D41;
d;33;8;31;39;60037021790F5D41;
k;33;8;33;27;60037021790F5D41;
k;33;8;33;27;60037021790F5D41;
o;33;8;33;27;60037021790F5D41;
K;33;10;1;7;2200002C21365429;
x;33;10;1;7;2200002C21365429;
K;33;10;3;28;2200000B68074244;
x;33;10;3;28;2200000B68074244;
K;33;10;3;58;220000284714382E;
x;33;10;3;58;220000284714382E;
K;33;10;5;43;20000006436C2853;
x;33;10;5;43;20000006436C2853;
K;33;10;6;16;20000005500F0409;
x;33;10;6;16;20000005500F0409;
K;33;10;6;38;2000000848003D24;
x;33;10;6;38;2000000848003D24;
K;33;14;23;13;1A0000000C436C28;
x;33;14;23;13;1A0000000C436C28;
K;33;14;24;26;1A0000000C436C28;
x;33;14;24;26;1A0000000C436C28;
K;33;14;24;56;1A0000000A500F04;
x;33;14;24;56;1A0000000A500F04;
K;33;14;25;24;1A000000090F2930;
x;33;14;25;24;1A000000090F2930;
K;33;14;33;1;1A000000090F2930;
x;33;14;33;1;1A000000090F2930;
K;33;14;34;55;1A0000000A500F04;
x;33;14;34;55;1A0000000A500F04;
K;33;15;5;23;1A000000090F2930;
x;33;15;5;23;1A000000090F2930;
K;33;16;13;17;2000000848003D24;
x;33;16;13;17;2000000848003D24;
K;33;16;38;49;2000000848063454;
x;33;16;38;49;2000000848063454;
K;33;16;39;5;2000000F3C624F40;
x;33;16;39;5;2000000F3C624F40;
K;33;16;39;13;200000084800093D;
x;33;16;39;13;200000084800093D;
K;33;16;39;17;2000000564740309;
x;33;16;39;17;2000000564740309;
K;33;16;39;20;2000000559704606;
x;33;16;39;20;2000000559704606;
K;33;16;39;22;20000005664C3E03;
x;33;16;39;22;20000005664C3E03;
K;33;16;39;40;2000000E316F674A;
x;33;16;39;40;2000000E316F674A;
K;33;16;39;48;2000000E316F674A;
x;33;16;39;48;2000000E316F674A;
K;33;16;40;19;2000000630112953;
x;33;16;40;19;2000000630112953;
K;33;16;41;39;2000000848063454;
x;33;16;41;39;2000000848063454;
K;33;16;41;56;2000000E316F674A;
x;33;16;41;56;2000000E316F674A;
K;33;8;51;16;20000006436C2853;
x;33;8;51;16;20000006436C2853;
K;33;8;57;29;20000006436C2853;
x;33;8;57;29;20000006436C2853;
K;33;8;57;30;20000005500F0409;
x;33;8;57;30;20000005500F0409;
K;33;8;57;32;2000000848003D24;
x;33;8;57;32;2000000848003D24;
K;33;8;57;33;2000000848063454;
x;33;8;57;33;2000000848063454;
K;33;8;57;35;2000000E316F674A;
x;33;8;57;35;2000000E316F674A;
K;33;8;57;37;20000005664C3E03;
x;33;8;57;37;20000005664C3E03;
K;33;9;12;40;20000006436C2853;
x;33;9;12;40;20000006436C2853;
K;33;9;12;44;20000005500F0409;
x;33;9;12;44;20000005500F0409;
K;33;9;12;47;2000000848003D24;
x;33;9;12;47;2000000848003D24;
K;33;9;12;49;2000000848063454;
x;33;9;12;49;2000000848063454;
K;33;9;12;51;2000000E316F674A;
x;33;9;12;51;2000000E316F674A;
K;33;9;12;53;20000005664C3E03;
x;33;9;12;53;20000005664C3E03;
K;33;9;12;55;2000000559704606;
x;33;9;12;55;2000000559704606;
K;33;9;12;57;2000000564740309;
x;33;9;12;57;2000000564740309;
K;33;9;12;59;200000084800093D;
x;33;9;12;59;200000084800093D;
K;33;9;13;2;2000000F3C624F40;
x;33;9;13;2;2000000F3C624F40;
K;33;9;13;4;2000000630112953;
x;33;9;13;4;2000000630112953;
K;33;9;27;26;2200000D58485469;
x;33;9;27;26;2200000D58485469;
K;33;9;27;40;2200000D58485469;
x;33;9;27;40;2200000D58485469;
K;33;9;34;58;2200000D58485469;
x;33;9;34;58;2200000D58485469;
K;33;9;35;3;2200000D58485469;
x;33;9;35;3;2200000D58485469;
K;33;9;47;14;2200002C21365429;
x;33;9;47;14;2200002C21365429;
K;33;9;47;17;2200000B68074244;
x;33;9;47;17;2200000B68074244;
K;33;9;47;20;220000284714382E;
x;33;9;47;20;220000284714382E;
K;33;9;47;23;22000021461A3602;
x;33;9;47;23;22000021461A3602;
K;33;9;47;25;2200003D58773325;
x;33;9;47;25;2200003D58773325;
K;33;9;47;27;2200000B33265F01;
x;33;9;47;27;2200000B33265F01;
K;33;9;47;29;2200002A2C382343;
x;33;9;47;29;2200002A2C382343;
K;33;9;47;32;2200000A327A4104;
x;33;9;47;32;2200000A327A4104;
K;33;9;47;34;2200000851276D4E;
x;33;9;47;34;2200000851276D4E;
K;33;9;47;36;2200001E1E712720;
x;33;9;47;36;2200001E1E712720;
K;33;9;47;38;2200000D58485469;
x;33;9;47;38;2200000D58485469;
K;33;16;37;22;220000076D220631;
x;33;16;37;22;220000076D220631;
K;33;16;37;24;2200000C051D0631;
x;33;16;37;24;2200000C051D0631;
K;33;16;37;26;2200002E41220631;
x;33;16;37;26;2200002E41220631;
K;33;16;37;27;2200002201200631;
x;33;16;37;27;2200002201200631;
K;33;16;37;29;22000010511E0631;
x;33;16;37;29;22000010511E0631;
K;33;16;37;31;2200002D071F0631;
x;33;16;37;31;2200002D071F0631;
K;33;16;37;33;2200002133240631;
x;33;16;37;33;2200002133240631;
K;33;16;37;35;2200002B76230631;
x;33;16;37;35;2200002B76230631;
K;33;16;37;37;2200000A171E0631;
x;33;16;37;37;2200000A171E0631;
K;33;16;37;39;2200002529220631;
x;33;16;37;39;2200002529220631;
K;33;16;43;49;200000035A450C62;
x;33;16;43;49;200000035A450C62;
K;33;16;43;56;200000060A3A0C62;
x;33;16;43;56;200000060A3A0C62;
K;33;16;43;59;2000000703450C62;
x;33;16;43;59;2000000703450C62;
K;33;16;44;2;2000000103400C62;
x;33;16;44;2;2000000103400C62;
K;33;16;44;5;20000008223D0C62;
x;33;16;44;5;20000008223D0C62;
K;33;16;44;8;200000060F3E0C62;
x;33;16;44;8;200000060F3E0C62;
K;33;16;44;11;2000000067480C62;
x;33;16;44;11;2000000067480C62;
K;33;16;44;14;200000056D470C62;
x;33;16;44;14;200000056D470C62;
K;33;16;44;17;200000052E3C0C62;
x;33;16;44;17;200000052E3C0C62;
K;33;16;44;19;2000000253440C62;
x;33;16;44;19;2000000253440C62;
k;33;9;27;34;60037021790F5D41;
d;33;9;27;34;60037021790F5D41;
k;33;9;27;35;60037021790F5D41;
d;33;9;27;35;60037021790F5D41;
x;33;16;44;11;2000000067480C62;
d;33;8;31;39;60037021790F5D41;
o;1;10;36;37;60037021790F5D41;
o;1;10;36;37;60037021790F5D41;
o;1;10;36;37;60037021790F5D41;
o;1;10;56;37;60037021790F5D41;
o;1;19;56;37;60037021790F5D41;
o;1;19;56;37;60037021790F5D42;
o;1;19;56;37;60037021790F5D41;
I;1;15;24;47;6003304932127653;
I;1;15;24;47;6003304932127653;