{"result":"34464;E;4;11;53;46;42;77 - Приоритет SRT; уровень приоритета: 77", "update_size":"111", "counter":"21"}
{"result":"139391;E;7;11;53;28;43;0 - ошибка инициализации LIBUSB^", "update_size":"111", "counter":"22"}
{"result":"139392;E;7;11;53;29;43;0 - ошибка инициализации LIBUSB^", "update_size":"111", "counter":"23"}
{"result":"139437;E;7;11;54;11;43;0 - ошибка инициализации LIBUSB", "update_size":"111", "counter":"48"}
{"result":"34474;E;4;11;55;18;42;77 - Приоритет SRT; уровень приоритета: 77^139439;E;7;11;54;13;43;0 - ошибка инициализации LIBUSB^", "update_size":"111", "counter":"50"}
{"result":"139488;E;7;11;55;08;43;0 - ошибка инициализации LIBUSB", "update_size":"111", "counter":"39"}
{"result":"34481;E;4;11;56;29;42;77 - Приоритет SRT; уровень приоритета: 77^", "update_size":"111", "counter":"40"}
{"result":"143392;E;7;13;07;02;43;0 - ошибка инициализации LIBUSB", "update_size":"111", "counter":"3525"}
{"result":"143393;E;7;13;07;03;43;0 - ошибка инициализации LIBUSB^", "update_size":"111", "counter":"3526"}
{"result":"143493;E;7;13;08;48;43;0 - ошибка инициализации LIBUSB", "update_size":"111", "counter":"117"}
{"result":"143494;E;7;13;08;49;43;0 - ошибка инициализации LIBUSB^", "update_size":"111", "counter":"118"}
{"result":"143605;E;7;13;10;32;43;0 - ошибка инициализации LIBUSB", "update_size":"111", "counter":"67"}
{"result":"34974;E;4;13;11;56;42;77 - Приоритет SRT; уровень приоритета: 77^143606;E;7;13;10;33;43;0 - ошибка инициализации LIBUSB^", "update_size":"111", "counter":"69"}
{"result":"143607;E;7;13;10;34;43;0 - ошибка инициализации LIBUSB^143608;E;7;13;10;35;43;0 - ошибка инициализации LIBUSB^", "update_size":"111", "counter":"71"}
{"result":"143609;E;7;13;10;37;43;0 - ошибка инициализации LIBUSB^8790813;E;1;13;12;04;32;2 - Проверьте исправность контроллера; номер контроллера: 2^", "update_size":"111", "counter":"73"}
{"result":"143610;E;7;13;10;38;43;0 - ошибка инициализации LIBUSB^8790814;E;1;13;12;04;32;4 - Проверьте исправность контроллера; номер контроллера: 4^34975;E;4;13;12;06;42;77 - Приоритет SRT; уровень приоритета: 77^143611;E;7;13;10;39;43;0 - ошибка инициализации LIBUSB^", "update_size":"111", "counter":"77"}
{"result":"8790815;E;1;13;12;04;32;6 - Проверьте исправность контроллера; номер контроллера: 6^143612;E;7;13;10;40;43;0 - ошибка инициализации LIBUSB^8790816;E;1;13;12;04;32;21 - Проверьте исправность контроллера; номер контроллера: 21^", "update_size":"111", "counter":"80"}
{"result":"143613;E;7;13;10;41;43;0 - ошибка инициализации LIBUSB^143614;E;7;13;10;42;43;0 - ошибка инициализации LIBUSB^", "update_size":"111", "counter":"82"}
{"result":"143615;E;7;13;10;43;43;0 - ошибка инициализации LIBUSB^34976;E;4;13;12;16;42;77 - Приоритет SRT; уровень приоритета: 77^", "update_size":"111", "counter":"84"}
{"result":"143616;E;7;13;10;44;43;0 - ошибка инициализации LIBUSB^143617;E;7;13;10;45;43;0 - ошибка инициализации LIBUSB^", "update_size":"111", "counter":"86"}
{"result":"143618;E;7;13;10;47;43;0 - ошибка инициализации LIBUSB^", "update_size":"111", "counter":"87"}
{"result":"143619;E;7;13;10;48;43;0 - ошибка инициализации LIBUSB^143620;E;7;13;10;49;43;0 - ошибка инициализации LIBUSB^", "update_size":"111", "counter":"89"}
{"result":"34977;E;4;13;12;26;42;77 - Приоритет SRT; уровень приоритета: 77^143621;E;7;13;10;50;43;0 - ошибка инициализации LIBUSB^143622;E;7;13;10;51;43;0 - ошибка инициализации LIBUSB^", "update_size":"111", "counter":"92"}
{"result":"143623;E;7;13;10;52;43;0 - ошибка инициализации LIBUSB^", "update_size":"111", "counter":"93"}
{"result":"143625;E;7;13;10;54;43;0 - ошибка инициализации LIBUSB^", "update_size":"111", "counter":"94"}
{"result":"34978;E;4;13;12;37;42;77 - Приоритет SRT; уровень приоритета: 77^143626;E;7;13;10;56;43;0 - ошибка инициализации LIBUSB^", "update_size":"111", "counter":"96"}
{"result":"143627;E;7;13;10;57;43;0 - ошибка инициализации LIBUSB^143628;E;7;13;10;58;43;0 - ошибка инициализации LIBUSB^", "update_size":"111", "counter":"98"}
{"result":"143629;E;7;13;10;59;43;0 - ошибка инициализации LIBUSB^", "update_size":"111", "counter":"99"}
{"result":"143630;E;7;13;11;00;43;0 - ошибка инициализации LIBUSB^34979;E;4;13;12;47;42;77 - Приоритет SRT; уровень приоритета: 77^143631;E;7;13;11;01;43;0 - ошибка инициализации LIBUSB^", "update_size":"111", "counter":"102"}
{"result":"143632;E;7;13;11;02;43;0 - ошибка инициализации LIBUSB^", "update_size":"111", "counter":"103"}
{"result":"143633;E;7;13;11;03;43;0 - ошибка инициализации LIBUSB^143634;E;7;13;11;05;43;0 - ошибка инициализации LIBUSB^", "update_size":"111", "counter":"105"}
{"result":"143635;E;7;13;11;06;43;0 - ошибка инициализации LIBUSB^", "update_size":"111", "counter":"106"}
{"result":"34980;E;4;13;12;57;42;77 - Приоритет SRT; уровень приоритета: 77^143636;E;7;13;11;07;43;0 - ошибка инициализации LIBUSB^143637;E;7;13;11;08;43;0 - ошибка инициализации LIBUSB^", "update_size":"111", "counter":"109"}
{"result":"143638;E;7;13;11;09;43;0 - ошибка инициализации LIBUSB^", "update_size":"111", "counter":"110"}
{"result":"143639;E;7;13;11;10;43;0 - ошибка инициализации LIBUSB^143640;E;7;13;11;11;43;0 - ошибка инициализации LIBUSB^", "update_size":"111", "counter":"112"}
{"result":"143641;E;7;13;11;12;43;0 - ошибка инициализации LIBUSB^", "update_size":"111", "counter":"113"}
{"result":"143642;E;7;13;11;13;43;0 - ошибка инициализации LIBUSB^143643;E;7;13;11;15;43;0 - ошибка инициализации LIBUSB^", "update_size":"111", "counter":"115"}
{"result":"143644;E;7;13;11;16;43;0 - ошибка инициализации LIBUSB^", "update_size":"111", "counter":"116"}
{"result":"143645;E;7;13;11;17;43;0 - ошибка инициализации LIBUSB^143646;E;7;13;11;18;43;0 - ошибка инициализации LIBUSB^", "update_size":"111", "counter":"118"}
{"result":"143647;E;7;13;11;19;43;0 - ошибка инициализации LIBUSB^", "update_size":"111", "counter":"119"}
{"result":"143648;E;7;13;11;20;43;0 - ошибка инициализации LIBUSB^143649;E;7;13;11;21;43;0 - ошибка инициализации LIBUSB^", "update_size":"111", "counter":"121"}
{"result":"143650;E;7;13;11;22;43;0 - ошибка инициализации LIBUSB^", "update_size":"111", "counter":"122"}
{"result":"143651;E;7;13;11;24;43;0 - ошибка инициализации LIBUSB^143652;E;7;13;11;25;43;0 - ошибка инициализации LIBUSB^", "update_size":"111", "counter":"124"}
{"result":"143653;E;7;13;11;26;43;0 - ошибка инициализации LIBUSB^8777139;E;0;13;13;33;34;0 - Удачная корректировка системного времени^", "update_size":"111", "counter":"126"}
{"result":"143654;E;7;13;11;27;43;0 - ошибка инициализации LIBUSB^143655;E;7;13;11;28;43;0 - ошибка инициализации LIBUSB^", "update_size":"111", "counter":"128"}
{"result":"143656;E;7;13;11;29;43;0 - ошибка инициализации LIBUSB^", "update_size":"111", "counter":"129"}
{"result":"143657;E;7;13;11;30;43;0 - ошибка инициализации LIBUSB^143658;E;7;13;11;31;43;0 - ошибка инициализации LIBUSB^", "update_size":"111", "counter":"131"}
{"result":"143659;E;7;13;11;33;43;0 - ошибка инициализации LIBUSB^", "update_size":"111", "counter":"132"}
{"result":"143660;E;7;13;11;34;43;0 - ошибка инициализации LIBUSB^143661;E;7;13;11;35;43;0 - ошибка инициализации LIBUSB^", "update_size":"111", "counter":"134"}
{"result":"143662;E;7;13;11;36;43;0 - ошибка инициализации LIBUSB^34988;E;4;13;13;50;20;108 - Старт программы DM; номер версии программы: 108^", "update_size":"111", "counter":"136"}
{"result":"143663;E;7;13;11;37;43;0 - ошибка инициализации LIBUSB^34989;E;4;13;13;51;51;0 - Таблицы СКУД зафиксированы в памяти (невыгружаемы)^143664;E;7;13;11;38;43;0 - ошибка инициализации LIBUSB^", "update_size":"111", "counter":"139"}
{"result":"143665;E;7;13;11;39;43;0 - ошибка инициализации LIBUSB^34991;E;4;13;13;51;42;77 - Приоритет SRT; уровень приоритета: 77^", "update_size":"111", "counter":"141"}
{"result":"143666;E;7;13;11;40;43;0 - ошибка инициализации LIBUSB^34992;E;4;13;13;53;34;0 - Удачная корректировка системного времени^143667;E;7;13;11;42;43;0 - ошибка инициализации LIBUSB^", "update_size":"111", "counter":"144"}
{"result":"143668;E;7;13;11;43;43;0 - ошибка инициализации LIBUSB^34993;E;4;13;13;55;42;77 - Приоритет SRT; уровень приоритета: 77^", "update_size":"111", "counter":"146"}
{"result":"143669;E;7;13;11;44;43;0 - ошибка инициализации LIBUSB^143670;E;7;13;11;45;43;0 - ошибка инициализации LIBUSB^", "update_size":"111", "counter":"148"}
{"result":"143671;E;7;13;11;46;43;0 - ошибка инициализации LIBUSB^143672;E;7;13;11;47;43;0 - ошибка инициализации LIBUSB^", "update_size":"111", "counter":"150"}
{"result":"143673;E;7;13;11;48;43;0 - ошибка инициализации LIBUSB^34994;E;4;13;14;05;42;77 - Приоритет SRT; уровень приоритета: 77^", "update_size":"111", "counter":"152"}
{"result":"143674;E;7;13;11;49;43;0 - ошибка инициализации LIBUSB^143675;E;7;13;11;50;43;0 - ошибка инициализации LIBUSB^", "update_size":"111", "counter":"154"}
{"result":"143676;E;7;13;11;52;43;0 - ошибка инициализации LIBUSB^", "update_size":"111", "counter":"155"}
{"result":"143677;E;7;13;11;53;43;0 - ошибка инициализации LIBUSB^143678;E;7;13;11;54;43;0 - ошибка инициализации LIBUSB^", "update_size":"111", "counter":"157"}
{"result":"34995;E;4;13;14;16;42;77 - Приоритет SRT; уровень приоритета: 77^143679;E;7;13;11;55;43;0 - ошибка инициализации LIBUSB^", "update_size":"111", "counter":"159"}
{"result":"143680;E;7;13;11;56;43;0 - ошибка инициализации LIBUSB^143681;E;7;13;11;57;43;0 - ошибка инициализации LIBUSB^", "update_size":"111", "counter":"161"}
{"result":"143682;E;7;13;11;58;43;0 - ошибка инициализации LIBUSB^", "update_size":"111", "counter":"162"}
{"result":"143683;E;7;13;11;59;43;0 - ошибка инициализации LIBUSB^34996;E;4;13;14;26;42;77 - Приоритет SRT; уровень приоритета: 77^143684;E;7;13;12;01;43;0 - ошибка инициализации LIBUSB^", "update_size":"111", "counter":"165"}
{"result":"143685;E;7;13;12;02;43;0 - ошибка инициализации LIBUSB^", "update_size":"111", "counter":"166"}
{"result":"143686;E;7;13;12;03;43;0 - ошибка инициализации LIBUSB^143687;E;7;13;12;04;43;0 - ошибка инициализации LIBUSB^", "update_size":"111", "counter":"168"}
{"result":"143688;E;7;13;12;05;43;0 - ошибка инициализации LIBUSB^34997;E;4;13;14;36;42;77 - Приоритет SRT; уровень приоритета: 77^", "update_size":"111", "counter":"170"}
{"result":"143689;E;7;13;12;06;43;0 - ошибка инициализации LIBUSB^143690;E;7;13;12;07;43;0 - ошибка инициализации LIBUSB^", "update_size":"111", "counter":"172"}
{"result":"143691;E;7;13;12;08;43;0 - ошибка инициализации LIBUSB^", "update_size":"111", "counter":"173"}
{"result":"143692;E;7;13;12;10;43;0 - ошибка инициализации LIBUSB^143693;E;7;13;12;11;43;0 - ошибка инициализации LIBUSB^", "update_size":"111", "counter":"175"}
{"result":"34998;E;4;13;14;46;42;77 - Приоритет SRT; уровень приоритета: 77^143694;E;7;13;12;12;43;0 - ошибка инициализации LIBUSB^", "update_size":"111", "counter":"177"}
{"result":"143695;E;7;13;12;13;43;0 - ошибка инициализации LIBUSB^143696;E;7;13;12;14;43;0 - ошибка инициализации LIBUSB^", "update_size":"111", "counter":"179"}
{"result":"143697;E;7;13;12;15;43;0 - ошибка инициализации LIBUSB^", "update_size":"111", "counter":"180"}
{"result":"143698;E;7;13;12;16;43;0 - ошибка инициализации LIBUSB^34999;E;4;13;14;56;42;77 - Приоритет SRT; уровень приоритета: 77^143699;E;7;13;12;17;43;0 - ошибка инициализации LIBUSB^", "update_size":"111", "counter":"183"}
{"result":"143700;E;7;13;12;18;43;0 - ошибка инициализации LIBUSB^", "update_size":"111", "counter":"184"}
{"result":"143702;E;7;13;12;21;43;0 - ошибка инициализации LIBUSB^", "update_size":"111", "counter":"185"}
{"result":"143703;E;7;13;12;22;43;0 - ошибка инициализации LIBUSB^", "update_size":"111", "counter":"186"}
{"result":"143640;E;7;13;11;11;43;0 - ошибка инициализации LIBUSB", "update_size":"111", "counter":"1"}
{"result":"35001;E;4;13;15;17;42;77 - Приоритет SRT; уровень приоритета: 77", "update_size":"111", "counter":"3"}
{"result":"143719;E;7;13;12;40;43;0 - ошибка инициализации LIBUSB^", "update_size":"111", "counter":"4"}
{"result":"143848;E;7;13;14;59;43;0 - ошибка инициализации LIBUSB^", "update_size":"111", "counter":"4"}
{"result":"143854;E;7;13;15;05;43;0 - ошибка инициализации LIBUSB", "update_size":"111", "counter":"4"}
{"result":"143855;E;7;13;15;07;43;0 - ошибка инициализации LIBUSB^", "update_size":"111", "counter":"5"}
{"result":"143856;E;7;13;15;08;43;0 - ошибка инициализации LIBUSB^143857;E;7;13;15;09;43;0 - ошибка инициализации LIBUSB^", "update_size":"111", "counter":"7"}
{"result":"143858;E;7;13;15;10;43;0 - ошибка инициализации LIBUSB^", "update_size":"111", "counter":"8"}
{"result":"35004;E;4;13;15;47;42;77 - Приоритет SRT; уровень приоритета: 77^143859;E;7;13;15;11;43;0 - ошибка инициализации LIBUSB^143860;E;7;13;15;12;43;0 - ошибка инициализации LIBUSB^", "update_size":"111", "counter":"11"}
{"result":"143861;E;7;13;15;13;43;0 - ошибка инициализации LIBUSB^", "update_size":"111", "counter":"12"}
{"result":"143862;E;7;13;15;14;43;0 - ошибка инициализации LIBUSB^143863;E;7;13;15;16;43;0 - ошибка инициализации LIBUSB^", "update_size":"111", "counter":"14"}
{"result":"35005;E;4;13;15;58;42;77 - Приоритет SRT; уровень приоритета: 77^143864;E;7;13;15;17;43;0 - ошибка инициализации LIBUSB^", "update_size":"111", "counter":"16"}
{"result":"143865;E;7;13;15;18;43;0 - ошибка инициализации LIBUSB^143866;E;7;13;15;19;43;0 - ошибка инициализации LIBUSB^", "update_size":"111", "counter":"18"}
{"result":"143867;E;7;13;15;20;43;0 - ошибка инициализации LIBUSB^", "update_size":"111", "counter":"19"}
{"result":"143868;E;7;13;15;21;43;0 - ошибка инициализации LIBUSB^35006;E;4;13;16;08;42;77 - Приоритет SRT; уровень приоритета: 77^143869;E;7;13;15;22;43;0 - ошибка инициализации LIBUSB^", "update_size":"111", "counter":"22"}
{"result":"143870;E;7;13;15;23;43;0 - ошибка инициализации LIBUSB^", "update_size":"111", "counter":"23"}
{"result":"143871;E;7;13;15;24;43;0 - ошибка инициализации LIBUSB^143872;E;7;13;15;26;43;0 - ошибка инициализации LIBUSB^", "update_size":"111", "counter":"25"}
{"result":"143873;E;7;13;15;27;43;0 - ошибка инициализации LIBUSB^", "update_size":"111", "counter":"26"}
{"result":"35007;E;4;13;16;18;42;77 - Приоритет SRT; уровень приоритета: 77^143874;E;7;13;15;28;43;0 - ошибка инициализации LIBUSB^143875;E;7;13;15;29;43;0 - ошибка инициализации LIBUSB^", "update_size":"111", "counter":"29"}
{"result":"8790818;T;0;13;16;27;0000000000000000; - получена удачная тестовая посылка^143876;E;7;13;15;30;43;0 - ошибка инициализации LIBUSB^", "update_size":"111", "counter":"31"}
{"result":"143877;E;7;13;15;39;34;0 - Удачная корректировка системного времени^143878;E;7;13;15;40;43;0 - ошибка инициализации LIBUSB^", "update_size":"111", "counter":"33"}
{"result":"35008;E;4;13;16;28;42;77 - Приоритет SRT; уровень приоритета: 77^143879;E;7;13;15;41;43;0 - ошибка инициализации LIBUSB^", "update_size":"111", "counter":"35"}
{"result":"143880;E;7;13;15;42;43;0 - ошибка инициализации LIBUSB^143881;E;7;13;15;43;43;0 - ошибка инициализации LIBUSB^", "update_size":"111", "counter":"37"}
{"result":"143882;E;7;13;15;44;43;0 - ошибка инициализации LIBUSB^", "update_size":"111", "counter":"38"}
{"result":"143883;E;7;13;15;45;43;0 - ошибка инициализации LIBUSB^143884;E;7;13;15;46;43;0 - ошибка инициализации LIBUSB^35009;E;4;13;16;38;42;77 - Приоритет SRT; уровень приоритета: 77^", "update_size":"111", "counter":"41"}
{"result":"143885;E;7;13;15;47;43;0 - ошибка инициализации LIBUSB^", "update_size":"111", "counter":"42"}
{"result":"143886;E;7;13;15;49;43;0 - ошибка инициализации LIBUSB^143887;E;7;13;15;50;43;0 - ошибка инициализации LIBUSB^", "update_size":"111", "counter":"44"}
{"result":"143888;E;7;13;15;51;43;0 - ошибка инициализации LIBUSB^", "update_size":"111", "counter":"45"}
{"result":"143889;E;7;13;15;52;43;0 - ошибка инициализации LIBUSB^35010;E;4;13;16;49;42;77 - Приоритет SRT; уровень приоритета: 77^143890;E;7;13;15;53;43;0 - ошибка инициализации LIBUSB^", "update_size":"111", "counter":"48"}
{"result":"143892;E;7;13;15;55;43;0 - ошибка инициализации LIBUSB^143893;E;7;13;15;56;43;0 - ошибка инициализации LIBUSB^", "update_size":"111", "counter":"50"}
{"result":"143987;E;7;13;17;56;43;0 - ошибка инициализации LIBUSB", "update_size":"111", "counter":"52"}
{"result":"35023;E;4;13;18;37;42;77 - Приоритет SRT; уровень приоритета: 77^", "update_size":"111", "counter":"53"}
{"result":"143988;E;7;13;17;57;43;0 - ошибка инициализации LIBUSB^", "update_size":"111", "counter":"54"}
{"result":"143989;E;7;13;17;58;43;0 - ошибка инициализации LIBUSB^", "update_size":"111", "counter":"55"}
{"result":"143990;E;7;13;17;59;43;0 - ошибка инициализации LIBUSB^", "update_size":"111", "counter":"56"}
{"result":"143991;E;7;13;18;00;43;0 - ошибка инициализации LIBUSB^", "update_size":"111", "counter":"57"}
{"result":"143992;E;7;13;18;02;43;0 - ошибка инициализации LIBUSB^", "update_size":"111", "counter":"58"}
{"result":"35024;E;4;13;18;47;42;77 - Приоритет SRT; уровень приоритета: 77^", "update_size":"111", "counter":"59"}
{"result":"143993;E;7;13;18;03;43;0 - ошибка инициализации LIBUSB^", "update_size":"111", "counter":"60"}
{"result":"143994;E;7;13;18;04;43;0 - ошибка инициализации LIBUSB^", "update_size":"111", "counter":"61"}
{"result":"143995;E;7;13;18;05;43;0 - ошибка инициализации LIBUSB^", "update_size":"111", "counter":"62"}
{"result":"143996;E;7;13;18;06;43;0 - ошибка инициализации LIBUSB^", "update_size":"111", "counter":"63"}
{"result":"143997;E;7;13;18;07;43;0 - ошибка инициализации LIBUSB^", "update_size":"111", "counter":"64"}
{"result":"35025;E;4;13;18;57;42;77 - Приоритет SRT; уровень приоритета: 77^", "update_size":"111", "counter":"65"}
{"result":"143998;E;7;13;18;08;43;0 - ошибка инициализации LIBUSB^", "update_size":"111", "counter":"66"}
{"result":"143999;E;7;13;18;09;43;0 - ошибка инициализации LIBUSB^", "update_size":"111", "counter":"67"}
{"result":"144000;E;7;13;18;11;43;0 - ошибка инициализации LIBUSB^", "update_size":"111", "counter":"68"}
{"result":"144001;E;7;13;18;12;43;0 - ошибка инициализации LIBUSB^", "update_size":"111", "counter":"69"}
{"result":"144002;E;7;13;18;13;43;0 - ошибка инициализации LIBUSB^", "update_size":"111", "counter":"70"}
{"result":"35026;E;4;13;19;08;42;77 - Приоритет SRT; уровень приоритета: 77^", "update_size":"111", "counter":"71"}
{"result":"144003;E;7;13;18;14;43;0 - ошибка инициализации LIBUSB^", "update_size":"111", "counter":"72"}
{"result":"144004;E;7;13;18;15;43;0 - ошибка инициализации LIBUSB^", "update_size":"111", "counter":"73"}
{"result":"144005;E;7;13;18;16;43;0 - ошибка инициализации LIBUSB^", "update_size":"111", "counter":"74"}
{"result":"144006;E;7;13;18;17;43;0 - ошибка инициализации LIBUSB^", "update_size":"111", "counter":"75"}
{"result":"144007;E;7;13;18;18;43;0 - ошибка инициализации LIBUSB^", "update_size":"111", "counter":"76"}
{"result":"35027;E;4;13;19;18;42;77 - Приоритет SRT; уровень приоритета: 77^", "update_size":"111", "counter":"77"}
{"result":"144008;E;7;13;18;20;43;0 - ошибка инициализации LIBUSB^", "update_size":"111", "counter":"78"}
{"result":"144009;E;7;13;18;21;43;0 - ошибка инициализации LIBUSB^", "update_size":"111", "counter":"79"}
{"result":"144010;E;7;13;18;22;43;0 - ошибка инициализации LIBUSB^", "update_size":"111", "counter":"80"}
{"result":"144011;E;7;13;18;23;43;0 - ошибка инициализации LIBUSB^", "update_size":"111", "counter":"81"}
{"result":"144012;E;7;13;18;24;43;0 - ошибка инициализации LIBUSB^", "update_size":"111", "counter":"82"}
{"result":"35028;E;4;13;19;28;42;77 - Приоритет SRT; уровень приоритета: 77^", "update_size":"111", "counter":"83"}
{"result":"144013;E;7;13;18;25;43;0 - ошибка инициализации LIBUSB^", "update_size":"111", "counter":"84"}
{"result":"144014;E;7;13;18;26;43;0 - ошибка инициализации LIBUSB^", "update_size":"111", "counter":"85"}
{"result":"144015;E;7;13;18;27;43;0 - ошибка инициализации LIBUSB^", "update_size":"111", "counter":"86"}
{"result":"144016;E;7;13;18;28;43;0 - ошибка инициализации LIBUSB^", "update_size":"111", "counter":"87"}
{"result":"144017;E;7;13;18;30;43;0 - ошибка инициализации LIBUSB^", "update_size":"111", "counter":"88"}
{"result":"35029;E;4;13;19;38;42;77 - Приоритет SRT; уровень приоритета: 77^", "update_size":"111", "counter":"89"}
{"result":"144018;E;7;13;18;31;43;0 - ошибка инициализации LIBUSB^", "update_size":"111", "counter":"90"}
{"result":"144019;E;7;13;18;32;43;0 - ошибка инициализации LIBUSB^", "update_size":"111", "counter":"91"}
{"result":"144020;E;7;13;18;33;43;0 - ошибка инициализации LIBUSB^", "update_size":"111", "counter":"92"}
{"result":"144021;E;7;13;18;34;43;0 - ошибка инициализации LIBUSB^", "update_size":"111", "counter":"93"}
{"result":"144022;E;7;13;18;35;43;0 - ошибка инициализации LIBUSB^", "update_size":"111", "counter":"94"}
{"result":"35030;E;4;13;19;48;42;77 - Приоритет SRT; уровень приоритета: 77^", "update_size":"111", "counter":"95"}
{"result":"144024;E;7;13;18;37;43;0 - ошибка инициализации LIBUSB^", "update_size":"111", "counter":"96"}
{"result":"144025;E;7;13;18;39;43;0 - ошибка инициализации LIBUSB^", "update_size":"111", "counter":"97"}
{"result":"144026;E;7;13;18;40;43;0 - ошибка инициализации LIBUSB^", "update_size":"111", "counter":"98"}
{"result":"144027;E;7;13;18;41;43;0 - ошибка инициализации LIBUSB^", "update_size":"111", "counter":"99"}
{"result":"144028;E;7;13;18;42;43;0 - ошибка инициализации LIBUSB^35031;E;4;13;19;59;42;77 - Приоритет SRT; уровень приоритета: 77^", "update_size":"111", "counter":"101"}
{"result":"144029;E;7;13;18;43;43;0 - ошибка инициализации LIBUSB^", "update_size":"111", "counter":"102"}
{"result":"144030;E;7;13;18;44;43;0 - ошибка инициализации LIBUSB^", "update_size":"111", "counter":"103"}
{"result":"144031;E;7;13;18;45;43;0 - ошибка инициализации LIBUSB^", "update_size":"111", "counter":"104"}
{"result":"8790819;T;1;13;20;6;0000000000000000; - получена удачная тестовая посылка^", "update_size":"111", "counter":"105"}
{"result":"144032;E;7;13;18;46;43;0 - ошибка инициализации LIBUSB^", "update_size":"111", "counter":"106"}
{"result":"144033;E;7;13;18;48;43;0 - ошибка инициализации LIBUSB^", "update_size":"111", "counter":"107"}
{"result":"35032;E;4;13;20;09;42;77 - Приоритет SRT; уровень приоритета: 77^", "update_size":"111", "counter":"108"}
{"result":"144034;E;7;13;18;49;43;0 - ошибка инициализации LIBUSB^", "update_size":"111", "counter":"109"}
{"result":"144035;E;7;13;18;50;43;0 - ошибка инициализации LIBUSB^", "update_size":"111", "counter":"110"}
{"result":"144036;E;7;13;18;51;43;0 - ошибка инициализации LIBUSB^", "update_size":"111", "counter":"111"}
{"result":"144037;E;7;13;18;52;43;0 - ошибка инициализации LIBUSB^", "update_size":"111", "counter":"112"}
{"result":"144038;E;7;13;18;53;43;0 - ошибка инициализации LIBUSB^", "update_size":"111", "counter":"113"}
{"result":"35033;E;4;13;20;19;42;77 - Приоритет SRT; уровень приоритета: 77^", "update_size":"111", "counter":"114"}
{"result":"144039;E;7;13;18;54;43;0 - ошибка инициализации LIBUSB^", "update_size":"111", "counter":"115"}
{"result":"144040;E;7;13;18;55;43;0 - ошибка инициализации LIBUSB^", "update_size":"111", "counter":"116"}
{"result":"8790820;E;1;13;20;24;34;0 - Удачная корректировка системного времени^", "update_size":"111", "counter":"117"}
{"result":"144041;E;7;13;18;56;43;0 - ошибка инициализации LIBUSB^", "update_size":"111", "counter":"118"}
{"result":"144042;E;7;13;18;58;43;0 - ошибка инициализации LIBUSB^", "update_size":"111", "counter":"119"}
{"result":"144043;E;7;13;18;59;43;0 - ошибка инициализации LIBUSB^", "update_size":"111", "counter":"120"}
{"result":"35034;E;4;13;20;29;42;77 - Приоритет SRT; уровень приоритета: 77^", "update_size":"111", "counter":"121"}
{"result":"144044;E;7;13;19;00;43;0 - ошибка инициализации LIBUSB^", "update_size":"111", "counter":"122"}
{"result":"144045;E;7;13;19;01;43;0 - ошибка инициализации LIBUSB^", "update_size":"111", "counter":"123"}
{"result":"144046;E;7;13;19;02;43;0 - ошибка инициализации LIBUSB^", "update_size":"111", "counter":"124"}
{"result":"144047;E;7;13;19;03;43;0 - ошибка инициализации LIBUSB^", "update_size":"111", "counter":"125"}
{"result":"144048;E;7;13;19;04;43;0 - ошибка инициализации LIBUSB^", "update_size":"111", "counter":"126"}
{"result":"35035;E;4;13;20;39;42;77 - Приоритет SRT; уровень приоритета: 77^", "update_size":"111", "counter":"127"}
{"result":"144049;E;7;13;19;05;43;0 - ошибка инициализации LIBUSB^", "update_size":"111", "counter":"128"}
{"result":"144050;E;7;13;19;07;43;0 - ошибка инициализации LIBUSB^", "update_size":"111", "counter":"129"}
{"result":"144051;E;7;13;19;08;43;0 - ошибка инициализации LIBUSB^", "update_size":"111", "counter":"130"}
{"result":"144052;E;7;13;19;09;43;0 - ошибка инициализации LIBUSB^", "update_size":"111", "counter":"131"}
{"result":"144053;E;7;13;19;10;43;0 - ошибка инициализации LIBUSB^", "update_size":"111", "counter":"132"}
{"result":"35036;E;4;13;20;50;42;77 - Приоритет SRT; уровень приоритета: 77^", "update_size":"111", "counter":"133"}
{"result":"144054;E;7;13;19;11;43;0 - ошибка инициализации LIBUSB^", "update_size":"111", "counter":"134"}
{"result":"144055;E;7;13;19;12;43;0 - ошибка инициализации LIBUSB^", "update_size":"111", "counter":"135"}
{"result":"144056;E;7;13;19;13;43;0 - ошибка инициализации LIBUSB^", "update_size":"111", "counter":"136"}
{"result":"144057;E;7;13;19;14;43;0 - ошибка инициализации LIBUSB^", "update_size":"111", "counter":"137"}
{"result":"144058;E;7;13;19;16;43;0 - ошибка инициализации LIBUSB^", "update_size":"111", "counter":"138"}
{"result":"35037;E;4;13;21;00;42;77 - Приоритет SRT; уровень приоритета: 77^", "update_size":"111", "counter":"139"}
{"result":"144059;E;7;13;19;17;43;0 - ошибка инициализации LIBUSB^", "update_size":"111", "counter":"140"}
{"result":"144061;E;7;13;19;19;43;0 - ошибка инициализации LIBUSB^", "update_size":"111", "counter":"141"}
{"result":"144062;E;7;13;19;20;43;0 - ошибка инициализации LIBUSB^", "update_size":"111", "counter":"142"}
{"result":"144063;E;7;13;19;21;43;0 - ошибка инициализации LIBUSB^", "update_size":"111", "counter":"143"}
{"result":"35038;E;4;13;21;10;42;77 - Приоритет SRT; уровень приоритета: 77^", "update_size":"111", "counter":"144"}
{"result":"144064;E;7;13;19;22;43;0 - ошибка инициализации LIBUSB^", "update_size":"111", "counter":"145"}
{"result":"144065;E;7;13;19;23;43;0 - ошибка инициализации LIBUSB^", "update_size":"111", "counter":"146"}
{"result":"144066;E;7;13;19;24;43;0 - ошибка инициализации LIBUSB^", "update_size":"111", "counter":"147"}
{"result":"144067;E;7;13;19;26;43;0 - ошибка инициализации LIBUSB^", "update_size":"111", "counter":"148"}
{"result":"144068;E;7;13;19;27;43;0 - ошибка инициализации LIBUSB^", "update_size":"111", "counter":"149"}
{"result":"35039;E;4;13;21;20;42;77 - Приоритет SRT; уровень приоритета: 77^", "update_size":"111", "counter":"150"}
{"result":"144069;E;7;13;19;28;43;0 - ошибка инициализации LIBUSB^", "update_size":"111", "counter":"151"}
{"result":"144070;E;7;13;19;29;43;0 - ошибка инициализации LIBUSB^", "update_size":"111", "counter":"152"}
{"result":"144071;E;7;13;19;30;43;0 - ошибка инициализации LIBUSB^", "update_size":"111", "counter":"153"}
