K;34;15;12;0;6C0540583F711051;
I;34;15;12;0;6C0540583F711051;
K;34;15;12;0;0C0640414A2C5F57;
I;34;15;12;0;0C0640414A2C5F57;
K;34;15;12;0;600330494A5E295C;
I;34;15;12;0;600330494A5E295C;
K;34;15;12;1;6003304932127653;
I;34;15;12;1;6003304932127653;
K;34;15;12;1;000300750D005548;
w;34;15;12;1;000300750D005548;
K;34;15;12;1;120500696C7B534E;
x;34;15;12;1;120500696C7B534E;
K;34;15;12;1;120540542446275F;
I;34;15;12;1;120540542446275F;
K;34;15;12;1;600370112A06134F;
I;34;15;12;1;600370112A06134F;
K;34;15;12;1;6C0540583F711051;
I;34;15;12;1;6C0540583F711051;
K;34;15;12;2;0C0640414A2C5F57;
I;34;15;12;2;0C0640414A2C5F57;
K;34;15;12;2;600330494A5E295C;
I;34;15;12;2;600330494A5E295C;
K;34;15;12;2;6003304932127653;
I;34;15;12;2;6003304932127653;
K;34;15;12;2;200700396C233256;
I;34;15;12;2;200700396C233256;
K;34;15;12;2;60037021515E7A42;
I;34;15;12;2;60037021515E7A42;
K;34;15;12;3;0006407752581151;
I;34;15;12;3;0006407752581151;
K;34;15;12;3;600370112A06134F;
I;34;15;12;3;600370112A06134F;
K;34;15;12;3;6C0540583F711051;
I;34;15;12;3;6C0540583F711051;
K;34;15;12;3;0C0640414A2C5F57;
I;34;15;12;3;0C0640414A2C5F57;
K;34;15;12;3;600330494A5E295C;
I;34;15;12;3;600330494A5E295C;
K;34;15;12;4;6003304932127653;
I;34;15;12;4;6003304932127653;
K;34;15;12;4;000300750D005548;
w;34;15;12;4;000300750D005548;
K;34;15;12;4;120500696C7B534E;
x;34;15;12;4;120500696C7B534E;
K;34;15;12;4;120540542446275F;
I;34;15;12;4;120540542446275F;
K;34;15;12;4;600370112A06134F;
I;34;15;12;4;600370112A06134F;
K;34;15;12;4;6C0540583F711051;
I;34;15;12;4;6C0540583F711051;
K;34;15;18;33;120500696C7B534E;
x;34;15;18;33;120500696C7B534E;
K;34;15;18;33;120540542446275F;
I;34;15;18;33;120540542446275F;
K;34;15;18;34;600370112A06134F;
I;34;15;18;34;600370112A06134F;
K;34;15;18;34;6C0540583F711051;
I;34;15;18;34;6C0540583F711051;
K;34;15;18;34;0C0640414A2C5F57;
I;34;15;18;34;0C0640414A2C5F57;
K;34;15;18;34;600330494A5E295C;
I;34;15;18;34;600330494A5E295C;
K;34;15;18;34;6003304932127653;
I;34;15;18;34;6003304932127653;
K;34;15;18;35;200700396C233256;
I;34;15;18;35;200700396C233256;
K;34;15;18;35;60037021515E7A42;
I;34;15;18;35;60037021515E7A42;
K;34;15;18;35;0006407752581151;
I;34;15;18;35;0006407752581151;
K;34;15;18;35;600370112A06134F;
I;34;15;18;35;600370112A06134F;
K;34;15;18;35;6C0540583F711051;
I;34;15;18;35;6C0540583F711051;
K;34;15;18;35;0C0640414A2C5F57;
I;34;15;18;35;0C0640414A2C5F57;
K;34;15;18;36;600330494A5E295C;
I;34;15;18;36;600330494A5E295C;
K;34;15;18;36;6003304932127653;
I;34;15;18;36;6003304932127653;
K;34;15;18;36;000300750D005548;
w;34;15;18;36;000300750D005548;
K;34;15;18;36;120500696C7B534E;
x;34;15;18;36;120500696C7B534E;
K;34;15;18;36;120540542446275F;
I;34;15;18;36;120540542446275F;
K;34;15;18;37;600370112A06134F;
I;34;15;18;37;600370112A06134F;
K;34;15;18;37;6C0540583F711051;
I;34;15;18;37;6C0540583F711051;
K;34;15;18;37;0C0640414A2C5F57;
I;34;15;18;37;0C0640414A2C5F57;
K;34;15;18;37;600330494A5E295C;
I;34;15;18;37;600330494A5E295C;
K;34;15;18;37;6003304932127653;
I;34;15;18;37;6003304932127653;
K;34;15;18;37;200700396C233256;
I;34;15;18;37;200700396C233256;
K;34;15;18;38;60037021515E7A42;
I;34;15;18;38;60037021515E7A42;
K;34;15;18;38;0006407752581151;
I;34;15;18;38;0006407752581151;
K;34;15;18;38;600370112A06134F;
I;34;15;18;38;600370112A06134F;
K;34;15;18;38;6C0540583F711051;
I;34;15;18;38;6C0540583F711051;
K;34;15;18;38;0C0640414A2C5F57;
I;34;15;18;38;0C0640414A2C5F57;
K;34;15;18;39;600330494A5E295C;
I;34;15;18;39;600330494A5E295C;
K;34;15;18;39;6003304932127653;
I;34;15;18;39;6003304932127653;
K;34;15;18;39;000300750D005548;
w;34;15;18;39;000300750D005548;
K;34;15;18;39;120500696C7B534E;
x;34;15;18;39;120500696C7B534E;
K;34;15;18;39;120540542446275F;
I;34;15;18;39;120540542446275F;
K;34;15;18;39;600370112A06134F;
I;34;15;18;39;600370112A06134F;
K;34;15;18;40;6C0540583F711051;
I;34;15;18;40;6C0540583F711051;
K;34;15;18;40;0C0640414A2C5F57;
I;34;15;18;40;0C0640414A2C5F57;
K;34;15;18;40;600330494A5E295C;
I;34;15;18;40;600330494A5E295C;
K;34;15;18;40;6003304932127653;
I;34;15;18;40;6003304932127653;
K;34;15;18;40;200700396C233256;
I;34;15;18;40;200700396C233256;
K;34;15;18;41;60037021515E7A42;
I;34;15;18;41;60037021515E7A42;
K;34;15;18;41;0006407752581151;
I;34;15;18;41;0006407752581151;
K;34;15;18;41;600370112A06134F;
I;34;15;18;41;600370112A06134F;
K;34;15;18;41;6C0540583F711051;
I;34;15;18;41;6C0540583F711051;
K;34;15;18;41;0C0640414A2C5F57;
I;34;15;18;41;0C0640414A2C5F57;
K;34;15;18;42;600330494A5E295C;
I;34;15;18;42;600330494A5E295C;
K;34;15;18;42;6003304932127653;
I;34;15;18;42;6003304932127653;
K;34;15;18;42;000300750D005548;
w;34;15;18;42;000300750D005548;
K;34;15;18;42;120500696C7B534E;
x;34;15;18;42;120500696C7B534E;
K;34;15;18;42;120540542446275F;
I;34;15;18;42;120540542446275F;
K;34;15;18;42;600370112A06134F;
I;34;15;18;42;600370112A06134F;
K;34;15;18;43;6C0540583F711051;
I;34;15;18;43;6C0540583F711051;
K;34;15;18;43;0C0640414A2C5F57;
I;34;15;18;43;0C0640414A2C5F57;
K;34;15;18;43;600330494A5E295C;
I;34;15;18;43;600330494A5E295C;
K;34;15;18;43;6003304932127653;
I;34;15;18;43;6003304932127653;
K;34;15;18;43;200700396C233256;
I;34;15;18;43;200700396C233256;
K;34;15;18;44;60037021515E7A42;
I;34;15;18;44;60037021515E7A42;
K;34;15;18;44;0006407752581151;
I;34;15;18;44;0006407752581151;
K;34;15;18;44;600370112A06134F;
I;34;15;18;44;600370112A06134F;
K;34;15;18;44;6C0540583F711051;
I;34;15;18;44;6C0540583F711051;
K;34;15;18;44;0C0640414A2C5F57;
I;34;15;18;44;0C0640414A2C5F57;
K;34;15;18;44;600330494A5E295C;
I;34;15;18;44;600330494A5E295C;
K;34;15;18;45;6003304932127653;
I;34;15;18;45;6003304932127653;
K;34;15;18;45;000300750D005548;
w;34;15;18;45;000300750D005548;
K;34;15;18;45;120500696C7B534E;
x;34;15;18;45;120500696C7B534E;
K;34;15;18;45;120540542446275F;
I;34;15;18;45;120540542446275F;
K;34;15;18;45;600370112A06134F;
I;34;15;18;45;600370112A06134F;
K;34;15;24;8;60037021515E7A42;
I;34;15;24;8;60037021515E7A42;
K;34;15;24;8;0006407752581151;
I;34;15;24;8;0006407752581151;
K;34;15;24;8;600370112A06134F;
I;34;15;24;8;600370112A06134F;
K;34;15;24;9;6C0540583F711051;
I;34;15;24;9;6C0540583F711051;
K;34;15;24;9;0C0640414A2C5F57;
I;34;15;24;9;0C0640414A2C5F57;
K;34;15;24;9;600330494A5E295C;
I;34;15;24;9;600330494A5E295C;
K;34;15;24;9;6003304932127653;
I;34;15;24;9;6003304932127653;
K;34;15;24;9;000300750D005548;
K;34;15;27;15;0006407752581151;
I;34;15;27;15;0006407752581151;
K;34;15;27;19;600370112A06134F;
I;34;15;27;19;600370112A06134F;
K;34;15;27;19;6C0540583F711051;
I;34;15;27;19;6C0540583F711051;
K;34;15;27;19;0C0640414A2C5F57;
I;34;15;27;19;0C0640414A2C5F57;
K;34;15;27;19;600330494A5E295C;
I;34;15;27;19;600330494A5E295C;
K;34;15;27;19;6003304932127653;
I;34;15;27;19;6003304932127653;
K;34;15;27;20;000300750D005548;
w;34;15;27;20;000300750D005548;
K;34;15;27;20;120500696C7B534E;
x;34;15;27;20;120500696C7B534E;
K;34;15;27;20;120540542446275F;
I;34;15;27;20;120540542446275F;
K;34;15;27;20;600370112A06134F;
I;34;15;27;20;600370112A06134F;
K;34;15;27;20;6C0540583F711051;
I;34;15;27;20;6C0540583F711051;
K;34;15;27;20;0C0640414A2C5F57;
I;34;15;27;20;0C0640414A2C5F57;
K;34;15;27;21;600330494A5E295C;
I;34;15;27;21;600330494A5E295C;
K;34;15;27;21;6003304932127653;
I;34;15;27;21;6003304932127653;
K;34;15;27;21;200700396C233256;
I;34;15;27;21;200700396C233256;
K;34;15;27;21;60037021515E7A42;
I;34;15;27;21;60037021515E7A42;
K;34;15;27;21;0006407752581151;
I;34;15;27;21;0006407752581151;
K;34;15;27;22;600370112A06134F;
I;34;15;27;22;600370112A06134F;
K;34;15;27;22;6C0540583F711051;
I;34;15;27;22;6C0540583F711051;
K;34;15;27;22;0C0640414A2C5F57;
I;34;15;27;22;0C0640414A2C5F57;
K;34;15;27;22;600330494A5E295C;
I;34;15;27;22;600330494A5E295C;
K;34;15;27;22;6003304932127653;
I;34;15;27;22;6003304932127653;
K;34;15;27;22;000300750D005548;
w;34;15;27;22;000300750D005548;
K;34;15;27;23;120500696C7B534E;
x;34;15;27;23;120500696C7B534E;
K;34;15;27;23;120540542446275F;
I;34;15;27;23;120540542446275F;
K;34;15;27;23;600370112A06134F;
I;34;15;27;23;600370112A06134F;
K;34;15;27;23;6C0540583F711051;
I;34;15;27;23;6C0540583F711051;
K;34;15;27;23;0C0640414A2C5F57;
I;34;15;27;23;0C0640414A2C5F57;
K;34;15;27;23;600330494A5E295C;
I;34;15;27;23;600330494A5E295C;
K;34;15;27;24;6003304932127653;
I;34;15;27;24;6003304932127653;
K;34;15;27;24;200700396C233256;
I;34;15;27;24;200700396C233256;
K;34;15;27;24;60037021515E7A42;
I;34;15;27;24;60037021515E7A42;
K;34;15;27;24;0006407752581151;
I;34;15;27;24;0006407752581151;
K;34;15;27;24;600370112A06134F;
I;34;15;27;24;600370112A06134F;
K;34;15;27;25;6C0540583F711051;
I;34;15;27;25;6C0540583F711051;
K;34;15;27;25;0C0640414A2C5F57;
I;34;15;27;25;0C0640414A2C5F57;
K;34;15;27;25;600330494A5E295C;
I;34;15;27;25;600330494A5E295C;
K;34;15;27;25;6003304932127653;
I;34;15;27;25;6003304932127653;
K;34;15;27;25;000300750D005548;
w;34;15;27;25;000300750D005548;
K;34;15;27;26;120500696C7B534E;
x;34;15;27;26;120500696C7B534E;
K;34;15;27;26;120540542446275F;
I;34;15;27;26;120540542446275F;
K;34;15;27;26;600370112A06134F;
I;34;15;27;26;600370112A06134F;
K;34;15;27;26;6C0540583F711051;
I;34;15;27;26;6C0540583F711051;
K;34;15;27;26;0C0640414A2C5F57;
I;34;15;27;26;0C0640414A2C5F57;
K;34;15;27;26;600330494A5E295C;
I;34;15;27;26;600330494A5E295C;
K;34;15;27;27;6003304932127653;
I;34;15;27;27;6003304932127653;
